Compiling the C compiler identification source file "CMakeCCompilerId.c" failed.
Compiler: C:/Program Files (x86)/Microsoft Visual Studio/2017/BuildTools/VC/Tools/MSVC/14.16.27023/bin/Hostx86/x86/cl.exe 
Build flags: 
Id flags:  

The output was:
2
Microsoft (R) C/C++ Optimizing Compiler Version 19.16.27034 for x86
Copyright (C) Microsoft Corporation.  All rights reserved.

CMakeCCompilerId.c
c1: fatal error C1083: Cannot open source file: 'CMakeCCompilerId.c': No such file or directory


Compiling the C compiler identification source file "CMakeCCompilerId.c" failed.
Compiler: C:/Program Files (x86)/Microsoft Visual Studio/2017/BuildTools/VC/Tools/MSVC/14.16.27023/bin/Hostx86/x86/cl.exe 
Build flags: 
Id flags: -c 

The output was:
2
Microsoft (R) C/C++ Optimizing Compiler Version 19.16.27034 for x86
Copyright (C) Microsoft Corporation.  All rights reserved.

CMakeCCompilerId.c
c1: fatal error C1083: Cannot open source file: 'CMakeCCompilerId.c': No such file or directory


Compiling the C compiler identification source file "CMakeCCompilerId.c" failed.
Compiler: C:/Program Files (x86)/Microsoft Visual Studio/2017/BuildTools/VC/Tools/MSVC/14.16.27023/bin/Hostx86/x86/cl.exe 
Build flags: 
Id flags: -Aa 

The output was:
2
Microsoft (R) C/C++ Optimizing Compiler Version 19.16.27034 for x86
Copyright (C) Microsoft Corporation.  All rights reserved.

cl : Command line warning D9002 : ignoring unknown option '-Aa'
CMakeCCompilerId.c
c1: fatal error C1083: Cannot open source file: 'CMakeCCompilerId.c': No such file or directory


Compiling the C compiler identification source file "CMakeCCompilerId.c" failed.
Compiler: C:/Program Files (x86)/Microsoft Visual Studio/2017/BuildTools/VC/Tools/MSVC/14.16.27023/bin/Hostx86/x86/cl.exe 
Build flags: 
Id flags: -D__CLASSIC_C__ 

The output was:
2
Microsoft (R) C/C++ Optimizing Compiler Version 19.16.27034 for x86
Copyright (C) Microsoft Corporation.  All rights reserved.

CMakeCCompilerId.c
c1: fatal error C1083: Cannot open source file: 'CMakeCCompilerId.c': No such file or directory


Compiling the C compiler identification source file "CMakeCCompilerId.c" failed.
Compiler: C:/Program Files (x86)/Microsoft Visual Studio/2017/BuildTools/VC/Tools/MSVC/14.16.27023/bin/Hostx86/x86/cl.exe 
Build flags: 
Id flags: --target=arm-arm-none-eabi;-mcpu=cortex-m3 

The output was:
2
Microsoft (R) C/C++ Optimizing Compiler Version 19.16.27034 for x86
Copyright (C) Microsoft Corporation.  All rights reserved.

cl : Command line warning D9002 : ignoring unknown option '--target=arm-arm-none-eabi'
cl : Command line warning D9002 : ignoring unknown option '-mcpu=cortex-m3'
CMakeCCompilerId.c
c1: fatal error C1083: Cannot open source file: 'CMakeCCompilerId.c': No such file or directory


Compiling the C compiler identification source file "CMakeCCompilerId.c" failed.
Compiler: C:/Program Files (x86)/Microsoft Visual Studio/2017/BuildTools/VC/Tools/MSVC/14.16.27023/bin/Hostx86/x86/cl.exe 
Build flags: 
Id flags:  

The output was:
2
Microsoft (R) C/C++ Optimizing Compiler Version 19.16.27034 for x86
Copyright (C) Microsoft Corporation.  All rights reserved.

CMakeCCompilerId.c
c1: fatal error C1083: Cannot open source file: 'CMakeCCompilerId.c': No such file or directory


Compiling the C compiler identification source file "CMakeCCompilerId.c" failed.
Compiler: C:/Program Files (x86)/Microsoft Visual Studio/2017/BuildTools/VC/Tools/MSVC/14.16.27023/bin/Hostx86/x86/cl.exe 
Build flags: 
Id flags: -c 

The output was:
2
Microsoft (R) C/C++ Optimizing Compiler Version 19.16.27034 for x86
Copyright (C) Microsoft Corporation.  All rights reserved.

CMakeCCompilerId.c
c1: fatal error C1083: Cannot open source file: 'CMakeCCompilerId.c': No such file or directory


Compiling the C compiler identification source file "CMakeCCompilerId.c" failed.
Compiler: C:/Program Files (x86)/Microsoft Visual Studio/2017/BuildTools/VC/Tools/MSVC/14.16.27023/bin/Hostx86/x86/cl.exe 
Build flags: 
Id flags: -Aa 

The output was:
2
Microsoft (R) C/C++ Optimizing Compiler Version 19.16.27034 for x86
Copyright (C) Microsoft Corporation.  All rights reserved.

cl : Command line warning D9002 : ignoring unknown option '-Aa'
CMakeCCompilerId.c
c1: fatal error C1083: Cannot open source file: 'CMakeCCompilerId.c': No such file or directory


Compiling the C compiler identification source file "CMakeCCompilerId.c" failed.
Compiler: C:/Program Files (x86)/Microsoft Visual Studio/2017/BuildTools/VC/Tools/MSVC/14.16.27023/bin/Hostx86/x86/cl.exe 
Build flags: 
Id flags: -D__CLASSIC_C__ 

The output was:
2
Microsoft (R) C/C++ Optimizing Compiler Version 19.16.27034 for x86
Copyright (C) Microsoft Corporation.  All rights reserved.

CMakeCCompilerId.c
c1: fatal error C1083: Cannot open source file: 'CMakeCCompilerId.c': No such file or directory


Compiling the C compiler identification source file "CMakeCCompilerId.c" failed.
Compiler: C:/Program Files (x86)/Microsoft Visual Studio/2017/BuildTools/VC/Tools/MSVC/14.16.27023/bin/Hostx86/x86/cl.exe 
Build flags: 
Id flags: --target=arm-arm-none-eabi;-mcpu=cortex-m3 

The output was:
2
Microsoft (R) C/C++ Optimizing Compiler Version 19.16.27034 for x86
Copyright (C) Microsoft Corporation.  All rights reserved.

cl : Command line warning D9002 : ignoring unknown option '--target=arm-arm-none-eabi'
cl : Command line warning D9002 : ignoring unknown option '-mcpu=cortex-m3'
CMakeCCompilerId.c
c1: fatal error C1083: Cannot open source file: 'CMakeCCompilerId.c': No such file or directory


Checking whether the C compiler is IAR using "" did not match "IAR .+ Compiler":
Microsoft (R) C/C++ Optimizing Compiler Version 19.16.27034 for x86
Copyright (C) Microsoft Corporation.  All rights reserved.

usage: cl [ option... ] filename... [ /link linkoption... ]
Checking whether the C compiler is IAR using "" did not match "IAR .+ Compiler":
Microsoft (R) C/C++ Optimizing Compiler Version 19.16.27034 for x86
Copyright (C) Microsoft Corporation.  All rights reserved.

usage: cl [ option... ] filename... [ /link linkoption... ]
Compiling the CXX compiler identification source file "CMakeCXXCompilerId.cpp" failed.
Compiler: C:/Program Files (x86)/Microsoft Visual Studio/2017/BuildTools/VC/Tools/MSVC/14.16.27023/bin/Hostx86/x86/cl.exe 
Build flags: 
Id flags:  

The output was:
2
Microsoft (R) C/C++ Optimizing Compiler Version 19.16.27034 for x86
Copyright (C) Microsoft Corporation.  All rights reserved.

CMakeCXXCompilerId.cpp
c1xx: fatal error C1083: Cannot open source file: 'CMakeCXXCompilerId.cpp': No such file or directory


Compiling the CXX compiler identification source file "CMakeCXXCompilerId.cpp" failed.
Compiler: C:/Program Files (x86)/Microsoft Visual Studio/2017/BuildTools/VC/Tools/MSVC/14.16.27023/bin/Hostx86/x86/cl.exe 
Build flags: 
Id flags: -c 

The output was:
2
Microsoft (R) C/C++ Optimizing Compiler Version 19.16.27034 for x86
Copyright (C) Microsoft Corporation.  All rights reserved.

CMakeCXXCompilerId.cpp
c1xx: fatal error C1083: Cannot open source file: 'CMakeCXXCompilerId.cpp': No such file or directory


Compiling the CXX compiler identification source file "CMakeCXXCompilerId.cpp" failed.
Compiler: C:/Program Files (x86)/Microsoft Visual Studio/2017/BuildTools/VC/Tools/MSVC/14.16.27023/bin/Hostx86/x86/cl.exe 
Build flags: 
Id flags: --c++ 

The output was:
2
Microsoft (R) C/C++ Optimizing Compiler Version 19.16.27034 for x86
Copyright (C) Microsoft Corporation.  All rights reserved.

cl : Command line warning D9002 : ignoring unknown option '--c++'
CMakeCXXCompilerId.cpp
c1xx: fatal error C1083: Cannot open source file: 'CMakeCXXCompilerId.cpp': No such file or directory


Compiling the CXX compiler identification source file "CMakeCXXCompilerId.cpp" failed.
Compiler: C:/Program Files (x86)/Microsoft Visual Studio/2017/BuildTools/VC/Tools/MSVC/14.16.27023/bin/Hostx86/x86/cl.exe 
Build flags: 
Id flags: --ec++ 

The output was:
2
Microsoft (R) C/C++ Optimizing Compiler Version 19.16.27034 for x86
Copyright (C) Microsoft Corporation.  All rights reserved.

cl : Command line warning D9002 : ignoring unknown option '--ec++'
CMakeCXXCompilerId.cpp
c1xx: fatal error C1083: Cannot open source file: 'CMakeCXXCompilerId.cpp': No such file or directory


Compiling the CXX compiler identification source file "CMakeCXXCompilerId.cpp" failed.
Compiler: C:/Program Files (x86)/Microsoft Visual Studio/2017/BuildTools/VC/Tools/MSVC/14.16.27023/bin/Hostx86/x86/cl.exe 
Build flags: 
Id flags: --target=arm-arm-none-eabi;-mcpu=cortex-m3 

The output was:
2
Microsoft (R) C/C++ Optimizing Compiler Version 19.16.27034 for x86
Copyright (C) Microsoft Corporation.  All rights reserved.

cl : Command line warning D9002 : ignoring unknown option '--target=arm-arm-none-eabi'
cl : Command line warning D9002 : ignoring unknown option '-mcpu=cortex-m3'
CMakeCXXCompilerId.cpp
c1xx: fatal error C1083: Cannot open source file: 'CMakeCXXCompilerId.cpp': No such file or directory


Compiling the CXX compiler identification source file "CMakeCXXCompilerId.cpp" failed.
Compiler: C:/Program Files (x86)/Microsoft Visual Studio/2017/BuildTools/VC/Tools/MSVC/14.16.27023/bin/Hostx86/x86/cl.exe 
Build flags: 
Id flags:  

The output was:
2
Microsoft (R) C/C++ Optimizing Compiler Version 19.16.27034 for x86
Copyright (C) Microsoft Corporation.  All rights reserved.

CMakeCXXCompilerId.cpp
c1xx: fatal error C1083: Cannot open source file: 'CMakeCXXCompilerId.cpp': No such file or directory


Compiling the CXX compiler identification source file "CMakeCXXCompilerId.cpp" failed.
Compiler: C:/Program Files (x86)/Microsoft Visual Studio/2017/BuildTools/VC/Tools/MSVC/14.16.27023/bin/Hostx86/x86/cl.exe 
Build flags: 
Id flags: -c 

The output was:
2
Microsoft (R) C/C++ Optimizing Compiler Version 19.16.27034 for x86
Copyright (C) Microsoft Corporation.  All rights reserved.

CMakeCXXCompilerId.cpp
c1xx: fatal error C1083: Cannot open source file: 'CMakeCXXCompilerId.cpp': No such file or directory


Compiling the CXX compiler identification source file "CMakeCXXCompilerId.cpp" failed.
Compiler: C:/Program Files (x86)/Microsoft Visual Studio/2017/BuildTools/VC/Tools/MSVC/14.16.27023/bin/Hostx86/x86/cl.exe 
Build flags: 
Id flags: --c++ 

The output was:
2
Microsoft (R) C/C++ Optimizing Compiler Version 19.16.27034 for x86
Copyright (C) Microsoft Corporation.  All rights reserved.

cl : Command line warning D9002 : ignoring unknown option '--c++'
CMakeCXXCompilerId.cpp
c1xx: fatal error C1083: Cannot open source file: 'CMakeCXXCompilerId.cpp': No such file or directory


Compiling the CXX compiler identification source file "CMakeCXXCompilerId.cpp" failed.
Compiler: C:/Program Files (x86)/Microsoft Visual Studio/2017/BuildTools/VC/Tools/MSVC/14.16.27023/bin/Hostx86/x86/cl.exe 
Build flags: 
Id flags: --ec++ 

The output was:
2
Microsoft (R) C/C++ Optimizing Compiler Version 19.16.27034 for x86
Copyright (C) Microsoft Corporation.  All rights reserved.

cl : Command line warning D9002 : ignoring unknown option '--ec++'
CMakeCXXCompilerId.cpp
c1xx: fatal error C1083: Cannot open source file: 'CMakeCXXCompilerId.cpp': No such file or directory


Compiling the CXX compiler identification source file "CMakeCXXCompilerId.cpp" failed.
Compiler: C:/Program Files (x86)/Microsoft Visual Studio/2017/BuildTools/VC/Tools/MSVC/14.16.27023/bin/Hostx86/x86/cl.exe 
Build flags: 
Id flags: --target=arm-arm-none-eabi;-mcpu=cortex-m3 

The output was:
2
Microsoft (R) C/C++ Optimizing Compiler Version 19.16.27034 for x86
Copyright (C) Microsoft Corporation.  All rights reserved.

cl : Command line warning D9002 : ignoring unknown option '--target=arm-arm-none-eabi'
cl : Command line warning D9002 : ignoring unknown option '-mcpu=cortex-m3'
CMakeCXXCompilerId.cpp
c1xx: fatal error C1083: Cannot open source file: 'CMakeCXXCompilerId.cpp': No such file or directory


Checking whether the CXX compiler is IAR using "" did not match "IAR .+ Compiler":
Microsoft (R) C/C++ Optimizing Compiler Version 19.16.27034 for x86
Copyright (C) Microsoft Corporation.  All rights reserved.

usage: cl [ option... ] filename... [ /link linkoption... ]
Checking whether the CXX compiler is IAR using "" did not match "IAR .+ Compiler":
Microsoft (R) C/C++ Optimizing Compiler Version 19.16.27034 for x86
Copyright (C) Microsoft Corporation.  All rights reserved.

usage: cl [ option... ] filename... [ /link linkoption... ]
Detecting C compiler ABI info failed to compile with the following output:
Change Dir: //wsl$/Ubuntu-20.04/home/akil/cpp_sockets/Learning Sockets/cmake-build-debug/CMakeFiles/CMakeTmp

Run Build Command(s):nmake /nologo cmTC_c6e2b\fast && NMAKE : fatal error U1073: don't know how to make 'cmTC_c6e2b\fast'
Stop.




Determining if the C compiler works failed with the following output:
Change Dir: //wsl$/Ubuntu-20.04/home/akil/cpp_sockets/Learning Sockets/cmake-build-debug/CMakeFiles/CMakeTmp

Run Build Command(s):nmake /nologo cmTC_ee3ff\fast && NMAKE : fatal error U1073: don't know how to make 'cmTC_ee3ff\fast'
Stop.



Compiling the C compiler identification source file "CMakeCCompilerId.c" failed.
Compiler: C:/Program Files (x86)/Microsoft Visual Studio/2017/BuildTools/VC/Tools/MSVC/14.16.27023/bin/Hostx86/x86/cl.exe 
Build flags: 
Id flags:  

The output was:
2
Microsoft (R) C/C++ Optimizing Compiler Version 19.16.27034 for x86
Copyright (C) Microsoft Corporation.  All rights reserved.

CMakeCCompilerId.c
c1: fatal error C1083: Cannot open source file: 'CMakeCCompilerId.c': No such file or directory


Compiling the C compiler identification source file "CMakeCCompilerId.c" failed.
Compiler: C:/Program Files (x86)/Microsoft Visual Studio/2017/BuildTools/VC/Tools/MSVC/14.16.27023/bin/Hostx86/x86/cl.exe 
Build flags: 
Id flags: -c 

The output was:
2
Microsoft (R) C/C++ Optimizing Compiler Version 19.16.27034 for x86
Copyright (C) Microsoft Corporation.  All rights reserved.

CMakeCCompilerId.c
c1: fatal error C1083: Cannot open source file: 'CMakeCCompilerId.c': No such file or directory


Compiling the C compiler identification source file "CMakeCCompilerId.c" failed.
Compiler: C:/Program Files (x86)/Microsoft Visual Studio/2017/BuildTools/VC/Tools/MSVC/14.16.27023/bin/Hostx86/x86/cl.exe 
Build flags: 
Id flags: -Aa 

The output was:
2
Microsoft (R) C/C++ Optimizing Compiler Version 19.16.27034 for x86
Copyright (C) Microsoft Corporation.  All rights reserved.

cl : Command line warning D9002 : ignoring unknown option '-Aa'
CMakeCCompilerId.c
c1: fatal error C1083: Cannot open source file: 'CMakeCCompilerId.c': No such file or directory


Compiling the C compiler identification source file "CMakeCCompilerId.c" failed.
Compiler: C:/Program Files (x86)/Microsoft Visual Studio/2017/BuildTools/VC/Tools/MSVC/14.16.27023/bin/Hostx86/x86/cl.exe 
Build flags: 
Id flags: -D__CLASSIC_C__ 

The output was:
2
Microsoft (R) C/C++ Optimizing Compiler Version 19.16.27034 for x86
Copyright (C) Microsoft Corporation.  All rights reserved.

CMakeCCompilerId.c
c1: fatal error C1083: Cannot open source file: 'CMakeCCompilerId.c': No such file or directory


Compiling the C compiler identification source file "CMakeCCompilerId.c" failed.
Compiler: C:/Program Files (x86)/Microsoft Visual Studio/2017/BuildTools/VC/Tools/MSVC/14.16.27023/bin/Hostx86/x86/cl.exe 
Build flags: 
Id flags: --target=arm-arm-none-eabi;-mcpu=cortex-m3 

The output was:
2
Microsoft (R) C/C++ Optimizing Compiler Version 19.16.27034 for x86
Copyright (C) Microsoft Corporation.  All rights reserved.

cl : Command line warning D9002 : ignoring unknown option '--target=arm-arm-none-eabi'
cl : Command line warning D9002 : ignoring unknown option '-mcpu=cortex-m3'
CMakeCCompilerId.c
c1: fatal error C1083: Cannot open source file: 'CMakeCCompilerId.c': No such file or directory


Compiling the C compiler identification source file "CMakeCCompilerId.c" failed.
Compiler: C:/Program Files (x86)/Microsoft Visual Studio/2017/BuildTools/VC/Tools/MSVC/14.16.27023/bin/Hostx86/x86/cl.exe 
Build flags: 
Id flags:  

The output was:
2
Microsoft (R) C/C++ Optimizing Compiler Version 19.16.27034 for x86
Copyright (C) Microsoft Corporation.  All rights reserved.

CMakeCCompilerId.c
c1: fatal error C1083: Cannot open source file: 'CMakeCCompilerId.c': No such file or directory


Compiling the C compiler identification source file "CMakeCCompilerId.c" failed.
Compiler: C:/Program Files (x86)/Microsoft Visual Studio/2017/BuildTools/VC/Tools/MSVC/14.16.27023/bin/Hostx86/x86/cl.exe 
Build flags: 
Id flags: -c 

The output was:
2
Microsoft (R) C/C++ Optimizing Compiler Version 19.16.27034 for x86
Copyright (C) Microsoft Corporation.  All rights reserved.

CMakeCCompilerId.c
c1: fatal error C1083: Cannot open source file: 'CMakeCCompilerId.c': No such file or directory


Compiling the C compiler identification source file "CMakeCCompilerId.c" failed.
Compiler: C:/Program Files (x86)/Microsoft Visual Studio/2017/BuildTools/VC/Tools/MSVC/14.16.27023/bin/Hostx86/x86/cl.exe 
Build flags: 
Id flags: -Aa 

The output was:
2
Microsoft (R) C/C++ Optimizing Compiler Version 19.16.27034 for x86
Copyright (C) Microsoft Corporation.  All rights reserved.

cl : Command line warning D9002 : ignoring unknown option '-Aa'
CMakeCCompilerId.c
c1: fatal error C1083: Cannot open source file: 'CMakeCCompilerId.c': No such file or directory


Compiling the C compiler identification source file "CMakeCCompilerId.c" failed.
Compiler: C:/Program Files (x86)/Microsoft Visual Studio/2017/BuildTools/VC/Tools/MSVC/14.16.27023/bin/Hostx86/x86/cl.exe 
Build flags: 
Id flags: -D__CLASSIC_C__ 

The output was:
2
Microsoft (R) C/C++ Optimizing Compiler Version 19.16.27034 for x86
Copyright (C) Microsoft Corporation.  All rights reserved.

CMakeCCompilerId.c
c1: fatal error C1083: Cannot open source file: 'CMakeCCompilerId.c': No such file or directory


Compiling the C compiler identification source file "CMakeCCompilerId.c" failed.
Compiler: C:/Program Files (x86)/Microsoft Visual Studio/2017/BuildTools/VC/Tools/MSVC/14.16.27023/bin/Hostx86/x86/cl.exe 
Build flags: 
Id flags: --target=arm-arm-none-eabi;-mcpu=cortex-m3 

The output was:
2
Microsoft (R) C/C++ Optimizing Compiler Version 19.16.27034 for x86
Copyright (C) Microsoft Corporation.  All rights reserved.

cl : Command line warning D9002 : ignoring unknown option '--target=arm-arm-none-eabi'
cl : Command line warning D9002 : ignoring unknown option '-mcpu=cortex-m3'
CMakeCCompilerId.c
c1: fatal error C1083: Cannot open source file: 'CMakeCCompilerId.c': No such file or directory


Checking whether the C compiler is IAR using "" did not match "IAR .+ Compiler":
Microsoft (R) C/C++ Optimizing Compiler Version 19.16.27034 for x86
Copyright (C) Microsoft Corporation.  All rights reserved.

usage: cl [ option... ] filename... [ /link linkoption... ]
Checking whether the C compiler is IAR using "" did not match "IAR .+ Compiler":
Microsoft (R) C/C++ Optimizing Compiler Version 19.16.27034 for x86
Copyright (C) Microsoft Corporation.  All rights reserved.

usage: cl [ option... ] filename... [ /link linkoption... ]
Compiling the CXX compiler identification source file "CMakeCXXCompilerId.cpp" failed.
Compiler: C:/Program Files (x86)/Microsoft Visual Studio/2017/BuildTools/VC/Tools/MSVC/14.16.27023/bin/Hostx86/x86/cl.exe 
Build flags: 
Id flags:  

The output was:
2
Microsoft (R) C/C++ Optimizing Compiler Version 19.16.27034 for x86
Copyright (C) Microsoft Corporation.  All rights reserved.

CMakeCXXCompilerId.cpp
c1xx: fatal error C1083: Cannot open source file: 'CMakeCXXCompilerId.cpp': No such file or directory


Compiling the CXX compiler identification source file "CMakeCXXCompilerId.cpp" failed.
Compiler: C:/Program Files (x86)/Microsoft Visual Studio/2017/BuildTools/VC/Tools/MSVC/14.16.27023/bin/Hostx86/x86/cl.exe 
Build flags: 
Id flags: -c 

The output was:
2
Microsoft (R) C/C++ Optimizing Compiler Version 19.16.27034 for x86
Copyright (C) Microsoft Corporation.  All rights reserved.

CMakeCXXCompilerId.cpp
c1xx: fatal error C1083: Cannot open source file: 'CMakeCXXCompilerId.cpp': No such file or directory


Compiling the CXX compiler identification source file "CMakeCXXCompilerId.cpp" failed.
Compiler: C:/Program Files (x86)/Microsoft Visual Studio/2017/BuildTools/VC/Tools/MSVC/14.16.27023/bin/Hostx86/x86/cl.exe 
Build flags: 
Id flags: --c++ 

The output was:
2
Microsoft (R) C/C++ Optimizing Compiler Version 19.16.27034 for x86
Copyright (C) Microsoft Corporation.  All rights reserved.

cl : Command line warning D9002 : ignoring unknown option '--c++'
CMakeCXXCompilerId.cpp
c1xx: fatal error C1083: Cannot open source file: 'CMakeCXXCompilerId.cpp': No such file or directory


Compiling the CXX compiler identification source file "CMakeCXXCompilerId.cpp" failed.
Compiler: C:/Program Files (x86)/Microsoft Visual Studio/2017/BuildTools/VC/Tools/MSVC/14.16.27023/bin/Hostx86/x86/cl.exe 
Build flags: 
Id flags: --ec++ 

The output was:
2
Microsoft (R) C/C++ Optimizing Compiler Version 19.16.27034 for x86
Copyright (C) Microsoft Corporation.  All rights reserved.

cl : Command line warning D9002 : ignoring unknown option '--ec++'
CMakeCXXCompilerId.cpp
c1xx: fatal error C1083: Cannot open source file: 'CMakeCXXCompilerId.cpp': No such file or directory


Compiling the CXX compiler identification source file "CMakeCXXCompilerId.cpp" failed.
Compiler: C:/Program Files (x86)/Microsoft Visual Studio/2017/BuildTools/VC/Tools/MSVC/14.16.27023/bin/Hostx86/x86/cl.exe 
Build flags: 
Id flags: --target=arm-arm-none-eabi;-mcpu=cortex-m3 

The output was:
2
Microsoft (R) C/C++ Optimizing Compiler Version 19.16.27034 for x86
Copyright (C) Microsoft Corporation.  All rights reserved.

cl : Command line warning D9002 : ignoring unknown option '--target=arm-arm-none-eabi'
cl : Command line warning D9002 : ignoring unknown option '-mcpu=cortex-m3'
CMakeCXXCompilerId.cpp
c1xx: fatal error C1083: Cannot open source file: 'CMakeCXXCompilerId.cpp': No such file or directory


Compiling the CXX compiler identification source file "CMakeCXXCompilerId.cpp" failed.
Compiler: C:/Program Files (x86)/Microsoft Visual Studio/2017/BuildTools/VC/Tools/MSVC/14.16.27023/bin/Hostx86/x86/cl.exe 
Build flags: 
Id flags:  

The output was:
2
Microsoft (R) C/C++ Optimizing Compiler Version 19.16.27034 for x86
Copyright (C) Microsoft Corporation.  All rights reserved.

CMakeCXXCompilerId.cpp
c1xx: fatal error C1083: Cannot open source file: 'CMakeCXXCompilerId.cpp': No such file or directory


Compiling the CXX compiler identification source file "CMakeCXXCompilerId.cpp" failed.
Compiler: C:/Program Files (x86)/Microsoft Visual Studio/2017/BuildTools/VC/Tools/MSVC/14.16.27023/bin/Hostx86/x86/cl.exe 
Build flags: 
Id flags: -c 

The output was:
2
Microsoft (R) C/C++ Optimizing Compiler Version 19.16.27034 for x86
Copyright (C) Microsoft Corporation.  All rights reserved.

CMakeCXXCompilerId.cpp
c1xx: fatal error C1083: Cannot open source file: 'CMakeCXXCompilerId.cpp': No such file or directory


Compiling the CXX compiler identification source file "CMakeCXXCompilerId.cpp" failed.
Compiler: C:/Program Files (x86)/Microsoft Visual Studio/2017/BuildTools/VC/Tools/MSVC/14.16.27023/bin/Hostx86/x86/cl.exe 
Build flags: 
Id flags: --c++ 

The output was:
2
Microsoft (R) C/C++ Optimizing Compiler Version 19.16.27034 for x86
Copyright (C) Microsoft Corporation.  All rights reserved.

cl : Command line warning D9002 : ignoring unknown option '--c++'
CMakeCXXCompilerId.cpp
c1xx: fatal error C1083: Cannot open source file: 'CMakeCXXCompilerId.cpp': No such file or directory


Compiling the CXX compiler identification source file "CMakeCXXCompilerId.cpp" failed.
Compiler: C:/Program Files (x86)/Microsoft Visual Studio/2017/BuildTools/VC/Tools/MSVC/14.16.27023/bin/Hostx86/x86/cl.exe 
Build flags: 
Id flags: --ec++ 

The output was:
2
Microsoft (R) C/C++ Optimizing Compiler Version 19.16.27034 for x86
Copyright (C) Microsoft Corporation.  All rights reserved.

cl : Command line warning D9002 : ignoring unknown option '--ec++'
CMakeCXXCompilerId.cpp
c1xx: fatal error C1083: Cannot open source file: 'CMakeCXXCompilerId.cpp': No such file or directory


Compiling the CXX compiler identification source file "CMakeCXXCompilerId.cpp" failed.
Compiler: C:/Program Files (x86)/Microsoft Visual Studio/2017/BuildTools/VC/Tools/MSVC/14.16.27023/bin/Hostx86/x86/cl.exe 
Build flags: 
Id flags: --target=arm-arm-none-eabi;-mcpu=cortex-m3 

The output was:
2
Microsoft (R) C/C++ Optimizing Compiler Version 19.16.27034 for x86
Copyright (C) Microsoft Corporation.  All rights reserved.

cl : Command line warning D9002 : ignoring unknown option '--target=arm-arm-none-eabi'
cl : Command line warning D9002 : ignoring unknown option '-mcpu=cortex-m3'
CMakeCXXCompilerId.cpp
c1xx: fatal error C1083: Cannot open source file: 'CMakeCXXCompilerId.cpp': No such file or directory


Checking whether the CXX compiler is IAR using "" did not match "IAR .+ Compiler":
Microsoft (R) C/C++ Optimizing Compiler Version 19.16.27034 for x86
Copyright (C) Microsoft Corporation.  All rights reserved.

usage: cl [ option... ] filename... [ /link linkoption... ]
Checking whether the CXX compiler is IAR using "" did not match "IAR .+ Compiler":
Microsoft (R) C/C++ Optimizing Compiler Version 19.16.27034 for x86
Copyright (C) Microsoft Corporation.  All rights reserved.

usage: cl [ option... ] filename... [ /link linkoption... ]
Detecting C compiler ABI info failed to compile with the following output:
Change Dir: //wsl$/Ubuntu-20.04/home/akil/cpp_sockets/Learning Sockets/cmake-build-debug/CMakeFiles/CMakeTmp

Run Build Command(s):nmake /nologo cmTC_6db1c\fast && NMAKE : fatal error U1073: don't know how to make 'cmTC_6db1c\fast'
Stop.




Determining if the C compiler works failed with the following output:
Change Dir: //wsl$/Ubuntu-20.04/home/akil/cpp_sockets/Learning Sockets/cmake-build-debug/CMakeFiles/CMakeTmp

Run Build Command(s):nmake /nologo cmTC_38e3e\fast && NMAKE : fatal error U1073: don't know how to make 'cmTC_38e3e\fast'
Stop.



Compiling the C compiler identification source file "CMakeCCompilerId.c" failed.
Compiler: C:/Program Files (x86)/Microsoft Visual Studio/2017/BuildTools/VC/Tools/MSVC/14.16.27023/bin/Hostx86/x86/cl.exe 
Build flags: 
Id flags:  

The output was:
2
Microsoft (R) C/C++ Optimizing Compiler Version 19.16.27034 for x86
Copyright (C) Microsoft Corporation.  All rights reserved.

CMakeCCompilerId.c
c1: fatal error C1083: Cannot open source file: 'CMakeCCompilerId.c': No such file or directory


Compiling the C compiler identification source file "CMakeCCompilerId.c" failed.
Compiler: C:/Program Files (x86)/Microsoft Visual Studio/2017/BuildTools/VC/Tools/MSVC/14.16.27023/bin/Hostx86/x86/cl.exe 
Build flags: 
Id flags: -c 

The output was:
2
Microsoft (R) C/C++ Optimizing Compiler Version 19.16.27034 for x86
Copyright (C) Microsoft Corporation.  All rights reserved.

CMakeCCompilerId.c
c1: fatal error C1083: Cannot open source file: 'CMakeCCompilerId.c': No such file or directory


Compiling the C compiler identification source file "CMakeCCompilerId.c" failed.
Compiler: C:/Program Files (x86)/Microsoft Visual Studio/2017/BuildTools/VC/Tools/MSVC/14.16.27023/bin/Hostx86/x86/cl.exe 
Build flags: 
Id flags: -Aa 

The output was:
2
Microsoft (R) C/C++ Optimizing Compiler Version 19.16.27034 for x86
Copyright (C) Microsoft Corporation.  All rights reserved.

cl : Command line warning D9002 : ignoring unknown option '-Aa'
CMakeCCompilerId.c
c1: fatal error C1083: Cannot open source file: 'CMakeCCompilerId.c': No such file or directory


Compiling the C compiler identification source file "CMakeCCompilerId.c" failed.
Compiler: C:/Program Files (x86)/Microsoft Visual Studio/2017/BuildTools/VC/Tools/MSVC/14.16.27023/bin/Hostx86/x86/cl.exe 
Build flags: 
Id flags: -D__CLASSIC_C__ 

The output was:
2
Microsoft (R) C/C++ Optimizing Compiler Version 19.16.27034 for x86
Copyright (C) Microsoft Corporation.  All rights reserved.

CMakeCCompilerId.c
c1: fatal error C1083: Cannot open source file: 'CMakeCCompilerId.c': No such file or directory


Compiling the C compiler identification source file "CMakeCCompilerId.c" failed.
Compiler: C:/Program Files (x86)/Microsoft Visual Studio/2017/BuildTools/VC/Tools/MSVC/14.16.27023/bin/Hostx86/x86/cl.exe 
Build flags: 
Id flags: --target=arm-arm-none-eabi;-mcpu=cortex-m3 

The output was:
2
Microsoft (R) C/C++ Optimizing Compiler Version 19.16.27034 for x86
Copyright (C) Microsoft Corporation.  All rights reserved.

cl : Command line warning D9002 : ignoring unknown option '--target=arm-arm-none-eabi'
cl : Command line warning D9002 : ignoring unknown option '-mcpu=cortex-m3'
CMakeCCompilerId.c
c1: fatal error C1083: Cannot open source file: 'CMakeCCompilerId.c': No such file or directory


Compiling the C compiler identification source file "CMakeCCompilerId.c" failed.
Compiler: C:/Program Files (x86)/Microsoft Visual Studio/2017/BuildTools/VC/Tools/MSVC/14.16.27023/bin/Hostx86/x86/cl.exe 
Build flags: 
Id flags:  

The output was:
2
Microsoft (R) C/C++ Optimizing Compiler Version 19.16.27034 for x86
Copyright (C) Microsoft Corporation.  All rights reserved.

CMakeCCompilerId.c
c1: fatal error C1083: Cannot open source file: 'CMakeCCompilerId.c': No such file or directory


Compiling the C compiler identification source file "CMakeCCompilerId.c" failed.
Compiler: C:/Program Files (x86)/Microsoft Visual Studio/2017/BuildTools/VC/Tools/MSVC/14.16.27023/bin/Hostx86/x86/cl.exe 
Build flags: 
Id flags: -c 

The output was:
2
Microsoft (R) C/C++ Optimizing Compiler Version 19.16.27034 for x86
Copyright (C) Microsoft Corporation.  All rights reserved.

CMakeCCompilerId.c
c1: fatal error C1083: Cannot open source file: 'CMakeCCompilerId.c': No such file or directory


Compiling the C compiler identification source file "CMakeCCompilerId.c" failed.
Compiler: C:/Program Files (x86)/Microsoft Visual Studio/2017/BuildTools/VC/Tools/MSVC/14.16.27023/bin/Hostx86/x86/cl.exe 
Build flags: 
Id flags: -Aa 

The output was:
2
Microsoft (R) C/C++ Optimizing Compiler Version 19.16.27034 for x86
Copyright (C) Microsoft Corporation.  All rights reserved.

cl : Command line warning D9002 : ignoring unknown option '-Aa'
CMakeCCompilerId.c
c1: fatal error C1083: Cannot open source file: 'CMakeCCompilerId.c': No such file or directory


Compiling the C compiler identification source file "CMakeCCompilerId.c" failed.
Compiler: C:/Program Files (x86)/Microsoft Visual Studio/2017/BuildTools/VC/Tools/MSVC/14.16.27023/bin/Hostx86/x86/cl.exe 
Build flags: 
Id flags: -D__CLASSIC_C__ 

The output was:
2
Microsoft (R) C/C++ Optimizing Compiler Version 19.16.27034 for x86
Copyright (C) Microsoft Corporation.  All rights reserved.

CMakeCCompilerId.c
c1: fatal error C1083: Cannot open source file: 'CMakeCCompilerId.c': No such file or directory


Compiling the C compiler identification source file "CMakeCCompilerId.c" failed.
Compiler: C:/Program Files (x86)/Microsoft Visual Studio/2017/BuildTools/VC/Tools/MSVC/14.16.27023/bin/Hostx86/x86/cl.exe 
Build flags: 
Id flags: --target=arm-arm-none-eabi;-mcpu=cortex-m3 

The output was:
2
Microsoft (R) C/C++ Optimizing Compiler Version 19.16.27034 for x86
Copyright (C) Microsoft Corporation.  All rights reserved.

cl : Command line warning D9002 : ignoring unknown option '--target=arm-arm-none-eabi'
cl : Command line warning D9002 : ignoring unknown option '-mcpu=cortex-m3'
CMakeCCompilerId.c
c1: fatal error C1083: Cannot open source file: 'CMakeCCompilerId.c': No such file or directory


Checking whether the C compiler is IAR using "" did not match "IAR .+ Compiler":
Microsoft (R) C/C++ Optimizing Compiler Version 19.16.27034 for x86
Copyright (C) Microsoft Corporation.  All rights reserved.

usage: cl [ option... ] filename... [ /link linkoption... ]
Checking whether the C compiler is IAR using "" did not match "IAR .+ Compiler":
Microsoft (R) C/C++ Optimizing Compiler Version 19.16.27034 for x86
Copyright (C) Microsoft Corporation.  All rights reserved.

usage: cl [ option... ] filename... [ /link linkoption... ]
Compiling the CXX compiler identification source file "CMakeCXXCompilerId.cpp" failed.
Compiler: C:/Program Files (x86)/Microsoft Visual Studio/2017/BuildTools/VC/Tools/MSVC/14.16.27023/bin/Hostx86/x86/cl.exe 
Build flags: 
Id flags:  

The output was:
2
Microsoft (R) C/C++ Optimizing Compiler Version 19.16.27034 for x86
Copyright (C) Microsoft Corporation.  All rights reserved.

CMakeCXXCompilerId.cpp
c1xx: fatal error C1083: Cannot open source file: 'CMakeCXXCompilerId.cpp': No such file or directory


Compiling the CXX compiler identification source file "CMakeCXXCompilerId.cpp" failed.
Compiler: C:/Program Files (x86)/Microsoft Visual Studio/2017/BuildTools/VC/Tools/MSVC/14.16.27023/bin/Hostx86/x86/cl.exe 
Build flags: 
Id flags: -c 

The output was:
2
Microsoft (R) C/C++ Optimizing Compiler Version 19.16.27034 for x86
Copyright (C) Microsoft Corporation.  All rights reserved.

CMakeCXXCompilerId.cpp
c1xx: fatal error C1083: Cannot open source file: 'CMakeCXXCompilerId.cpp': No such file or directory


Compiling the CXX compiler identification source file "CMakeCXXCompilerId.cpp" failed.
Compiler: C:/Program Files (x86)/Microsoft Visual Studio/2017/BuildTools/VC/Tools/MSVC/14.16.27023/bin/Hostx86/x86/cl.exe 
Build flags: 
Id flags: --c++ 

The output was:
2
Microsoft (R) C/C++ Optimizing Compiler Version 19.16.27034 for x86
Copyright (C) Microsoft Corporation.  All rights reserved.

cl : Command line warning D9002 : ignoring unknown option '--c++'
CMakeCXXCompilerId.cpp
c1xx: fatal error C1083: Cannot open source file: 'CMakeCXXCompilerId.cpp': No such file or directory


Compiling the CXX compiler identification source file "CMakeCXXCompilerId.cpp" failed.
Compiler: C:/Program Files (x86)/Microsoft Visual Studio/2017/BuildTools/VC/Tools/MSVC/14.16.27023/bin/Hostx86/x86/cl.exe 
Build flags: 
Id flags: --ec++ 

The output was:
2
Microsoft (R) C/C++ Optimizing Compiler Version 19.16.27034 for x86
Copyright (C) Microsoft Corporation.  All rights reserved.

cl : Command line warning D9002 : ignoring unknown option '--ec++'
CMakeCXXCompilerId.cpp
c1xx: fatal error C1083: Cannot open source file: 'CMakeCXXCompilerId.cpp': No such file or directory


Compiling the CXX compiler identification source file "CMakeCXXCompilerId.cpp" failed.
Compiler: C:/Program Files (x86)/Microsoft Visual Studio/2017/BuildTools/VC/Tools/MSVC/14.16.27023/bin/Hostx86/x86/cl.exe 
Build flags: 
Id flags: --target=arm-arm-none-eabi;-mcpu=cortex-m3 

The output was:
2
Microsoft (R) C/C++ Optimizing Compiler Version 19.16.27034 for x86
Copyright (C) Microsoft Corporation.  All rights reserved.

cl : Command line warning D9002 : ignoring unknown option '--target=arm-arm-none-eabi'
cl : Command line warning D9002 : ignoring unknown option '-mcpu=cortex-m3'
CMakeCXXCompilerId.cpp
c1xx: fatal error C1083: Cannot open source file: 'CMakeCXXCompilerId.cpp': No such file or directory


Compiling the CXX compiler identification source file "CMakeCXXCompilerId.cpp" failed.
Compiler: C:/Program Files (x86)/Microsoft Visual Studio/2017/BuildTools/VC/Tools/MSVC/14.16.27023/bin/Hostx86/x86/cl.exe 
Build flags: 
Id flags:  

The output was:
2
Microsoft (R) C/C++ Optimizing Compiler Version 19.16.27034 for x86
Copyright (C) Microsoft Corporation.  All rights reserved.

CMakeCXXCompilerId.cpp
c1xx: fatal error C1083: Cannot open source file: 'CMakeCXXCompilerId.cpp': No such file or directory


Compiling the CXX compiler identification source file "CMakeCXXCompilerId.cpp" failed.
Compiler: C:/Program Files (x86)/Microsoft Visual Studio/2017/BuildTools/VC/Tools/MSVC/14.16.27023/bin/Hostx86/x86/cl.exe 
Build flags: 
Id flags: -c 

The output was:
2
Microsoft (R) C/C++ Optimizing Compiler Version 19.16.27034 for x86
Copyright (C) Microsoft Corporation.  All rights reserved.

CMakeCXXCompilerId.cpp
c1xx: fatal error C1083: Cannot open source file: 'CMakeCXXCompilerId.cpp': No such file or directory


Compiling the CXX compiler identification source file "CMakeCXXCompilerId.cpp" failed.
Compiler: C:/Program Files (x86)/Microsoft Visual Studio/2017/BuildTools/VC/Tools/MSVC/14.16.27023/bin/Hostx86/x86/cl.exe 
Build flags: 
Id flags: --c++ 

The output was:
2
Microsoft (R) C/C++ Optimizing Compiler Version 19.16.27034 for x86
Copyright (C) Microsoft Corporation.  All rights reserved.

cl : Command line warning D9002 : ignoring unknown option '--c++'
CMakeCXXCompilerId.cpp
c1xx: fatal error C1083: Cannot open source file: 'CMakeCXXCompilerId.cpp': No such file or directory


Compiling the CXX compiler identification source file "CMakeCXXCompilerId.cpp" failed.
Compiler: C:/Program Files (x86)/Microsoft Visual Studio/2017/BuildTools/VC/Tools/MSVC/14.16.27023/bin/Hostx86/x86/cl.exe 
Build flags: 
Id flags: --ec++ 

The output was:
2
Microsoft (R) C/C++ Optimizing Compiler Version 19.16.27034 for x86
Copyright (C) Microsoft Corporation.  All rights reserved.

cl : Command line warning D9002 : ignoring unknown option '--ec++'
CMakeCXXCompilerId.cpp
c1xx: fatal error C1083: Cannot open source file: 'CMakeCXXCompilerId.cpp': No such file or directory


Compiling the CXX compiler identification source file "CMakeCXXCompilerId.cpp" failed.
Compiler: C:/Program Files (x86)/Microsoft Visual Studio/2017/BuildTools/VC/Tools/MSVC/14.16.27023/bin/Hostx86/x86/cl.exe 
Build flags: 
Id flags: --target=arm-arm-none-eabi;-mcpu=cortex-m3 

The output was:
2
Microsoft (R) C/C++ Optimizing Compiler Version 19.16.27034 for x86
Copyright (C) Microsoft Corporation.  All rights reserved.

cl : Command line warning D9002 : ignoring unknown option '--target=arm-arm-none-eabi'
cl : Command line warning D9002 : ignoring unknown option '-mcpu=cortex-m3'
CMakeCXXCompilerId.cpp
c1xx: fatal error C1083: Cannot open source file: 'CMakeCXXCompilerId.cpp': No such file or directory


Checking whether the CXX compiler is IAR using "" did not match "IAR .+ Compiler":
Microsoft (R) C/C++ Optimizing Compiler Version 19.16.27034 for x86
Copyright (C) Microsoft Corporation.  All rights reserved.

usage: cl [ option... ] filename... [ /link linkoption... ]
Checking whether the CXX compiler is IAR using "" did not match "IAR .+ Compiler":
Microsoft (R) C/C++ Optimizing Compiler Version 19.16.27034 for x86
Copyright (C) Microsoft Corporation.  All rights reserved.

usage: cl [ option... ] filename... [ /link linkoption... ]
Detecting C compiler ABI info failed to compile with the following output:
Change Dir: //wsl$/Ubuntu-20.04/home/akil/cpp_sockets/Learning Sockets/cmake-build-debug/CMakeFiles/CMakeTmp

Run Build Command(s):nmake /nologo cmTC_aa4df\fast && NMAKE : fatal error U1073: don't know how to make 'cmTC_aa4df\fast'
Stop.




Determining if the C compiler works failed with the following output:
Change Dir: //wsl$/Ubuntu-20.04/home/akil/cpp_sockets/Learning Sockets/cmake-build-debug/CMakeFiles/CMakeTmp

Run Build Command(s):nmake /nologo cmTC_5e4f3\fast && NMAKE : fatal error U1073: don't know how to make 'cmTC_5e4f3\fast'
Stop.



